<?xml version="1.0" encoding="UTF-8"?><testsuites failures="0" name="dependency-check" tests="163"><testsuite failures="0" errors="0" time="0" id="0" name="/home/runner/.gradle/caches/modules-2/files-2.1/org.hdrhistogram/HdrHistogram/2.2.2/7959933ebcc0f05b2eaa5af0a0c8689fa257b15c/HdrHistogram-2.2.2.jar" package="HdrHistogram-2.2.2.jar" skipped="0" tests="1" timestamp="2025-10-18T04:24:43.984176379"><testcase classname="dependency-check" name="HdrHistogram-2.2.2.jar"/></testsuite><testsuite failures="0" errors="0" time="0" id="1" name="/home/runner/.gradle/caches/modules-2/files-2.1/com.googlecode.javaewah/JavaEWAH/1.2.3/13a27c856e0c8808cee9a64032c58eee11c3adc9/JavaEWAH-1.2.3.jar" package="JavaEWAH-1.2.3.jar" skipped="0" tests="1" timestamp="2025-10-18T04:24:43.984176379"><testcase classname="dependency-check" name="JavaEWAH-1.2.3.jar"/></testsuite><testsuite failures="0" errors="0" time="0" id="2" name="/home/runner/.gradle/caches/modules-2/files-2.1/org.latencyutils/LatencyUtils/2.0.3/769c0b82cb2421c8256300e907298a9410a2a3d3/LatencyUtils-2.0.3.jar" package="LatencyUtils-2.0.3.jar" skipped="0" tests="1" timestamp="2025-10-18T04:24:43.984176379"><testcase classname="dependency-check" name="LatencyUtils-2.0.3.jar"/></testsuite><testsuite failures="0" errors="0" time="0" id="3" name="/home/runner/.gradle/caches/modules-2/files-2.1/net.sf.saxon/Saxon-HE/12.9/1397a02bd22c63db3e902b28b23c59009fa3b5c4/Saxon-HE-12.9.jar" package="Saxon-HE-12.9.jar" skipped="0" tests="1" timestamp="2025-10-18T04:24:43.984176379"><testcase classname="dependency-check" name="Saxon-HE-12.9.jar"/></testsuite><testsuite failures="0" errors="0" time="0" id="4" name="/home/runner/.gradle/caches/modules-2/files-2.1/net.minidev/accessors-smart/2.5.2/ce16fd235cfee48e67eda33e684423bba09f7d07/accessors-smart-2.5.2.jar" package="accessors-smart-2.5.2.jar" skipped="0" tests="1" timestamp="2025-10-18T04:24:43.984176379"><testcase classname="dependency-check" name="accessors-smart-2.5.2.jar"/></testsuite><testsuite failures="0" errors="0" time="0" id="5" name="/home/runner/.gradle/caches/modules-2/files-2.1/com.vaadin.external.google/android-json/0.0.20131108.vaadin1/fa26d351fe62a6a17f5cda1287c1c6110dec413f/android-json-0.0.20131108.vaadin1.jar" package="android-json-0.0.20131108.vaadin1.jar" skipped="0" tests="1" timestamp="2025-10-18T04:24:43.984176379"><testcase classname="dependency-check" name="android-json-0.0.20131108.vaadin1.jar"/></testsuite><testsuite failures="0" errors="0" time="0" id="6" name="/home/runner/.gradle/caches/modules-2/files-2.1/org.jetbrains/annotations/17.0.0/8ceead41f4e71821919dbdb7a9847608f1a938cb/annotations-17.0.0.jar" package="annotations-17.0.0.jar" skipped="0" tests="1" timestamp="2025-10-18T04:24:43.984176379"><testcase classname="dependency-check" name="annotations-17.0.0.jar"/></testsuite><testsuite failures="0" errors="0" time="0" id="7" name="/home/runner/.gradle/caches/modules-2/files-2.1/org.antlr/antlr4-runtime/4.13.2/fc3db6d844df652a3d5db31c87fa12757f13691d/antlr4-runtime-4.13.2.jar" package="antlr4-runtime-4.13.2.jar" skipped="0" tests="1" timestamp="2025-10-18T04:24:43.984176379"><testcase classname="dependency-check" name="antlr4-runtime-4.13.2.jar"/></testsuite><testsuite failures="0" errors="0" time="0" id="8" name="/home/runner/.gradle/caches/modules-2/files-2.1/org.apiguardian/apiguardian-api/1.1.2/a231e0d844d2721b0fa1b238006d15c6ded6842a/apiguardian-api-1.1.2.jar" package="apiguardian-api-1.1.2.jar" skipped="0" tests="1" timestamp="2025-10-18T04:24:43.984176379"><testcase classname="dependency-check" name="apiguardian-api-1.1.2.jar"/></testsuite><testsuite failures="0" errors="0" time="0" id="9" name="/home/runner/.gradle/caches/modules-2/files-2.1/org.ow2.asm/asm/9.7.1/f0ed132a49244b042cd0e15702ab9f2ce3cc8436/asm-9.7.1.jar" package="asm-9.7.1.jar" skipped="0" tests="1" timestamp="2025-10-18T04:24:43.984176379"><testcase classname="dependency-check" name="asm-9.7.1.jar"/></testsuite><testsuite failures="0" errors="0" time="0" id="10" name="/home/runner/.gradle/caches/modules-2/files-2.1/org.ow2.asm/asm/9.8/dc19ecb3f7889b7860697215cae99c0f9b6f6b4b/asm-9.8.jar" package="asm-9.8.jar" skipped="0" tests="1" timestamp="2025-10-18T04:24:43.984176379"><testcase classname="dependency-check" name="asm-9.8.jar"/></testsuite><testsuite failures="0" errors="0" time="0" id="11" name="/home/runner/.gradle/caches/modules-2/files-2.1/org.ow2.asm/asm-commons/9.8/36e4d212970388e5bd2c5180292012502df461bb/asm-commons-9.8.jar" package="asm-commons-9.8.jar" skipped="0" tests="1" timestamp="2025-10-18T04:24:43.984176379"><testcase classname="dependency-check" name="asm-commons-9.8.jar"/></testsuite><testsuite failures="0" errors="0" time="0" id="12" name="/home/runner/.gradle/caches/modules-2/files-2.1/org.ow2.asm/asm-tree/9.8/18419ca5b77a2f81097c741e7872e6ab8d2f40d/asm-tree-9.8.jar" package="asm-tree-9.8.jar" skipped="0" tests="1" timestamp="2025-10-18T04:24:43.984176379"><testcase classname="dependency-check" name="asm-tree-9.8.jar"/></testsuite><testsuite failures="0" errors="0" time="0" id="13" name="/home/runner/.gradle/caches/modules-2/files-2.1/org.assertj/assertj-core/3.27.4/65e62575f7e422df6d290dc1cb15f3c97108b2b1/assertj-core-3.27.4.jar" package="assertj-core-3.27.4.jar" skipped="0" tests="1" timestamp="2025-10-18T04:24:43.984176379"><testcase classname="dependency-check" name="assertj-core-3.27.4.jar"/></testsuite><testsuite failures="0" errors="0" time="0" id="14" name="/home/runner/.gradle/caches/modules-2/files-2.1/org.awaitility/awaitility/4.2.2/7336242073ebf83fe034e42b46a403c5501b63c9/awaitility-4.2.2.jar" package="awaitility-4.2.2.jar" skipped="0" tests="1" timestamp="2025-10-18T04:24:43.984176379"><testcase classname="dependency-check" name="awaitility-4.2.2.jar"/></testsuite><testsuite failures="0" errors="0" time="0" id="15" name="/home/runner/.gradle/caches/modules-2/files-2.1/org.bouncycastle/bcprov-jdk18on/1.80/e22100b41042decf09cab914a5af8d2c57b5ac4a/bcprov-jdk18on-1.80.jar" package="bcprov-jdk18on-1.80.jar" skipped="0" tests="1" timestamp="2025-10-18T04:24:43.984176379"><testcase classname="dependency-check" name="bcprov-jdk18on-1.80.jar"/></testsuite><testsuite failures="0" errors="0" time="0" id="16" name="/home/runner/.gradle/caches/modules-2/files-2.1/net.bytebuddy/byte-buddy/1.17.7/3856bfab61beb23e099a0d6629f2ba8de4b98ace/byte-buddy-1.17.7.jar" package="byte-buddy-1.17.7.jar" skipped="0" tests="1" timestamp="2025-10-18T04:24:43.984176379"><testcase classname="dependency-check" name="byte-buddy-1.17.7.jar"/></testsuite><testsuite failures="0" errors="0" time="0" id="17" name="/home/runner/.gradle/caches/modules-2/files-2.1/net.bytebuddy/byte-buddy-agent/1.17.7/fbf3d6d649ed37fc9e9c59480a05be0a26e3c2da/byte-buddy-agent-1.17.7.jar" package="byte-buddy-agent-1.17.7.jar" skipped="0" tests="1" timestamp="2025-10-18T04:24:43.984176379"><testcase classname="dependency-check" name="byte-buddy-agent-1.17.7.jar"/></testsuite><testsuite failures="0" errors="0" time="0" id="18" name="/home/runner/.gradle/caches/modules-2/files-2.1/net.bytebuddy/byte-buddy-agent/1.17.7/fbf3d6d649ed37fc9e9c59480a05be0a26e3c2da/byte-buddy-agent-1.17.7.jar/win32-x86-64/attach_hotspot_windows.dll" package="byte-buddy-agent-1.17.7.jar: attach_hotspot_windows.dll" skipped="0" tests="1" timestamp="2025-10-18T04:24:43.984176379"><testcase classname="dependency-check" name="byte-buddy-agent-1.17.7.jar: attach_hotspot_windows.dll"/></testsuite><testsuite failures="0" errors="0" time="0" id="19" name="/home/runner/.gradle/caches/modules-2/files-2.1/net.bytebuddy/byte-buddy-agent/1.17.7/fbf3d6d649ed37fc9e9c59480a05be0a26e3c2da/byte-buddy-agent-1.17.7.jar/win32-x86/attach_hotspot_windows.dll" package="byte-buddy-agent-1.17.7.jar: attach_hotspot_windows.dll" skipped="0" tests="1" timestamp="2025-10-18T04:24:43.984176379"><testcase classname="dependency-check" name="byte-buddy-agent-1.17.7.jar: attach_hotspot_windows.dll"/></testsuite><testsuite failures="0" errors="0" time="0" id="20" name="/home/runner/.gradle/caches/modules-2/files-2.1/org.checkerframework/checker-qual/3.51.1/d69c339a293b5ec04b26c9d994cbeffb7056d122/checker-qual-3.51.1.jar" package="checker-qual-3.51.1.jar" skipped="0" tests="1" timestamp="2025-10-18T04:24:43.984176379"><testcase classname="dependency-check" name="checker-qual-3.51.1.jar"/></testsuite><testsuite failures="0" errors="0" time="0" id="21" name="/home/runner/.gradle/caches/modules-2/files-2.1/com.puppycrawl.tools/checkstyle/12.0.1/924dca37738ef280b890188f2219b2ca68acf686/checkstyle-12.0.1.jar" package="checkstyle-12.0.1.jar" skipped="0" tests="1" timestamp="2025-10-18T04:24:43.984176379"><testcase classname="dependency-check" name="checkstyle-12.0.1.jar"/></testsuite><testsuite failures="0" errors="0" time="0" id="22" name="/home/runner/.gradle/caches/modules-2/files-2.1/com.fasterxml/classmate/1.7.0/e98374da1f2143ac8e6e0a95036994bb19137a3/classmate-1.7.0.jar" package="classmate-1.7.0.jar" skipped="0" tests="1" timestamp="2025-10-18T04:24:43.984176379"><testcase classname="dependency-check" name="classmate-1.7.0.jar"/></testsuite><testsuite failures="0" errors="0" time="0" id="23" name="/home/runner/.gradle/caches/modules-2/files-2.1/commons-beanutils/commons-beanutils/1.11.0/ac03ea606d13de04c2e4508227680faff151f491/commons-beanutils-1.11.0.jar" package="commons-beanutils-1.11.0.jar" skipped="0" tests="1" timestamp="2025-10-18T04:24:43.984176379"><testcase classname="dependency-check" name="commons-beanutils-1.11.0.jar"/></testsuite><testsuite failures="0" errors="0" time="0" id="24" name="/home/runner/.gradle/caches/modules-2/files-2.1/commons-codec/commons-codec/1.18.0/ee45d1cf6ec2cc2b809ff04b4dc7aec858e0df8f/commons-codec-1.18.0.jar" package="commons-codec-1.18.0.jar" skipped="0" tests="1" timestamp="2025-10-18T04:24:43.984176379"><testcase classname="dependency-check" name="commons-codec-1.18.0.jar"/></testsuite><testsuite failures="0" errors="0" time="0" id="25" name="/home/runner/.gradle/caches/modules-2/files-2.1/commons-collections/commons-collections/3.2.2/8ad72fe39fa8c91eaaf12aadb21e0c3661fe26d5/commons-collections-3.2.2.jar" package="commons-collections-3.2.2.jar" skipped="0" tests="1" timestamp="2025-10-18T04:24:43.984176379"><testcase classname="dependency-check" name="commons-collections-3.2.2.jar"/></testsuite><testsuite failures="0" errors="0" time="0" id="26" name="/home/runner/.gradle/caches/modules-2/files-2.1/org.apache.commons/commons-compress/1.26.0/659feffdd12280201c8aacb8f7be94f9a883c824/commons-compress-1.26.0.jar" package="commons-compress-1.26.0.jar" skipped="0" tests="1" timestamp="2025-10-18T04:24:43.984176379"><testcase classname="dependency-check" name="commons-compress-1.26.0.jar"/></testsuite><testsuite failures="0" errors="0" time="0" id="27" name="/home/runner/.gradle/caches/modules-2/files-2.1/commons-io/commons-io/2.15.1/f11560da189ab563a5c8e351941415430e9304ea/commons-io-2.15.1.jar" package="commons-io-2.15.1.jar" skipped="0" tests="1" timestamp="2025-10-18T04:24:43.984176379"><testcase classname="dependency-check" name="commons-io-2.15.1.jar"/></testsuite><testsuite failures="0" errors="0" time="0" id="28" name="/home/runner/.gradle/caches/modules-2/files-2.1/org.apache.commons/commons-lang3/3.18.0/fb14946f0e39748a6571de0635acbe44e7885491/commons-lang3-3.18.0.jar" package="commons-lang3-3.18.0.jar" skipped="0" tests="1" timestamp="2025-10-18T04:24:43.984176379"><testcase classname="dependency-check" name="commons-lang3-3.18.0.jar"/></testsuite><testsuite failures="0" errors="0" time="0" id="29" name="/home/runner/.gradle/caches/modules-2/files-2.1/commons-logging/commons-logging/1.2/4bfc12adfe4842bf07b657f0369c4cb522955686/commons-logging-1.2.jar" package="commons-logging-1.2.jar" skipped="0" tests="1" timestamp="2025-10-18T04:24:43.984176379"><testcase classname="dependency-check" name="commons-logging-1.2.jar"/></testsuite><testsuite failures="0" errors="0" time="0" id="30" name="/home/runner/.gradle/caches/modules-2/files-2.1/org.apache.commons/commons-text/1.3/9abf61708a66ab5e55f6169a200dbfc584b546d9/commons-text-1.3.jar" package="commons-text-1.3.jar" skipped="0" tests="1" timestamp="2025-10-18T04:24:43.984176379"><testcase classname="dependency-check" name="commons-text-1.3.jar"/></testsuite><testsuite failures="0" errors="0" time="0" id="31" name="/home/runner/.gradle/caches/modules-2/files-2.1/com.github.docker-java/docker-java-api/3.4.2/90aef34aa23575de51923c83771fbe378b2eb4e5/docker-java-api-3.4.2.jar" package="docker-java-api-3.4.2.jar" skipped="0" tests="1" timestamp="2025-10-18T04:24:43.984176379"><testcase classname="dependency-check" name="docker-java-api-3.4.2.jar"/></testsuite><testsuite failures="0" errors="0" time="0" id="32" name="/home/runner/.gradle/caches/modules-2/files-2.1/com.github.docker-java/docker-java-transport/3.4.2/e70abb944ff1fe7c25fbcdecd31c732772a07a6e/docker-java-transport-3.4.2.jar" package="docker-java-transport-3.4.2.jar" skipped="0" tests="1" timestamp="2025-10-18T04:24:43.984176379"><testcase classname="dependency-check" name="docker-java-transport-3.4.2.jar"/></testsuite><testsuite failures="0" errors="0" time="0" id="33" name="/home/runner/.gradle/caches/modules-2/files-2.1/com.github.docker-java/docker-java-transport-zerodep/3.4.2/784b535b8e294e699032abead0687b6773761e34/docker-java-transport-zerodep-3.4.2.jar/META-INF/maven/com.github.docker-java/docker-java-transport-httpclient5/pom.xml" package="docker-java-transport-zerodep-3.4.2.jar (shaded: com.github.docker-java:docker-java-transport-httpclient5:3.4.2)" skipped="0" tests="1" timestamp="2025-10-18T04:24:43.984176379"><testcase classname="dependency-check" name="docker-java-transport-zerodep-3.4.2.jar (shaded: com.github.docker-java:docker-java-transport-httpclient5:3.4.2)"/></testsuite><testsuite failures="0" errors="0" time="0" id="34" name="/home/runner/.gradle/caches/modules-2/files-2.1/com.github.docker-java/docker-java-transport-zerodep/3.4.2/784b535b8e294e699032abead0687b6773761e34/docker-java-transport-zerodep-3.4.2.jar/META-INF/maven/commons-codec/commons-codec/pom.xml" package="docker-java-transport-zerodep-3.4.2.jar (shaded: commons-codec:commons-codec:1.13)" skipped="0" tests="1" timestamp="2025-10-18T04:24:43.984176379"><testcase classname="dependency-check" name="docker-java-transport-zerodep-3.4.2.jar (shaded: commons-codec:commons-codec:1.13)"/></testsuite><testsuite failures="0" errors="0" time="0" id="35" name="/home/runner/.gradle/caches/modules-2/files-2.1/com.github.docker-java/docker-java-transport-zerodep/3.4.2/784b535b8e294e699032abead0687b6773761e34/docker-java-transport-zerodep-3.4.2.jar/META-INF/maven/org.apache.httpcomponents.client5/httpclient5/pom.xml" package="docker-java-transport-zerodep-3.4.2.jar (shaded: org.apache.httpcomponents.client5:httpclient5:5.0.3)" skipped="0" tests="1" timestamp="2025-10-18T04:24:43.984176379"><testcase classname="dependency-check" name="docker-java-transport-zerodep-3.4.2.jar (shaded: org.apache.httpcomponents.client5:httpclient5:5.0.3)"/></testsuite><testsuite failures="0" errors="0" time="0" id="36" name="/home/runner/.gradle/caches/modules-2/files-2.1/com.github.docker-java/docker-java-transport-zerodep/3.4.2/784b535b8e294e699032abead0687b6773761e34/docker-java-transport-zerodep-3.4.2.jar/META-INF/maven/org.apache.httpcomponents.core5/httpcore5-h2/pom.xml" package="docker-java-transport-zerodep-3.4.2.jar (shaded: org.apache.httpcomponents.core5:httpcore5-h2:5.0.2)" skipped="0" tests="1" timestamp="2025-10-18T04:24:43.984176379"><testcase classname="dependency-check" name="docker-java-transport-zerodep-3.4.2.jar (shaded: org.apache.httpcomponents.core5:httpcore5-h2:5.0.2)"/></testsuite><testsuite failures="0" errors="0" time="0" id="37" name="/home/runner/.gradle/caches/modules-2/files-2.1/com.github.docker-java/docker-java-transport-zerodep/3.4.2/784b535b8e294e699032abead0687b6773761e34/docker-java-transport-zerodep-3.4.2.jar/META-INF/maven/org.apache.httpcomponents.core5/httpcore5/pom.xml" package="docker-java-transport-zerodep-3.4.2.jar (shaded: org.apache.httpcomponents.core5:httpcore5:5.0.2)" skipped="0" tests="1" timestamp="2025-10-18T04:24:43.984176379"><testcase classname="dependency-check" name="docker-java-transport-zerodep-3.4.2.jar (shaded: org.apache.httpcomponents.core5:httpcore5:5.0.2)"/></testsuite><testsuite failures="0" errors="0" time="0" id="38" name="/home/runner/.gradle/caches/modules-2/files-2.1/com.github.docker-java/docker-java-transport-zerodep/3.4.2/784b535b8e294e699032abead0687b6773761e34/docker-java-transport-zerodep-3.4.2.jar" package="docker-java-transport-zerodep-3.4.2.jar" skipped="0" tests="1" timestamp="2025-10-18T04:24:43.984176379"><testcase classname="dependency-check" name="docker-java-transport-zerodep-3.4.2.jar"/></testsuite><testsuite failures="0" errors="0" time="0" id="39" name="/home/runner/.gradle/caches/modules-2/files-2.1/org.apache.maven.doxia/doxia-core/1.12.0/41cdaff3ce98e66714bfca677babaa3746faa2b9/doxia-core-1.12.0.jar" package="doxia-core-1.12.0.jar" skipped="0" tests="1" timestamp="2025-10-18T04:24:43.984176379"><testcase classname="dependency-check" name="doxia-core-1.12.0.jar"/></testsuite><testsuite failures="0" errors="0" time="0" id="40" name="/home/runner/.gradle/caches/modules-2/files-2.1/org.apache.maven.doxia/doxia-logging-api/1.12.0/a31fac8c598c0090ccd2c53b4df7d49f81fb9dba/doxia-logging-api-1.12.0.jar" package="doxia-logging-api-1.12.0.jar" skipped="0" tests="1" timestamp="2025-10-18T04:24:43.984176379"><testcase classname="dependency-check" name="doxia-logging-api-1.12.0.jar"/></testsuite><testsuite failures="0" errors="0" time="0" id="41" name="/home/runner/.gradle/caches/modules-2/files-2.1/org.apache.maven.doxia/doxia-module-xdoc/1.12.0/bbc6cf253fe80fa7b2765997d480e61153427ee6/doxia-module-xdoc-1.12.0.jar" package="doxia-module-xdoc-1.12.0.jar" skipped="0" tests="1" timestamp="2025-10-18T04:24:43.984176379"><testcase classname="dependency-check" name="doxia-module-xdoc-1.12.0.jar"/></testsuite><testsuite failures="0" errors="0" time="0" id="42" name="/home/runner/.gradle/caches/modules-2/files-2.1/org.apache.maven.doxia/doxia-sink-api/1.12.0/92a2fdeaeb59e921fff9c5ca9a2ea6118a494760/doxia-sink-api-1.12.0.jar" package="doxia-sink-api-1.12.0.jar" skipped="0" tests="1" timestamp="2025-10-18T04:24:43.984176379"><testcase classname="dependency-check" name="doxia-sink-api-1.12.0.jar"/></testsuite><testsuite failures="0" errors="0" time="0" id="43" name="/home/runner/.gradle/caches/modules-2/files-2.1/org.rnorth.duct-tape/duct-tape/1.0.8/92edc22a9ab2f3e17c9bf700aaee377d50e8b530/duct-tape-1.0.8.jar" package="duct-tape-1.0.8.jar" skipped="0" tests="1" timestamp="2025-10-18T04:24:43.984176379"><testcase classname="dependency-check" name="duct-tape-1.0.8.jar"/></testsuite><testsuite failures="0" errors="0" time="0" id="44" name="/home/runner/.gradle/caches/modules-2/files-2.1/com.google.errorprone/error_prone_annotations/2.41.0/4381275efdef6ddfae38f002c31e84cd001c97f0/error_prone_annotations-2.41.0.jar" package="error_prone_annotations-2.41.0.jar" skipped="0" tests="1" timestamp="2025-10-18T04:24:43.984176379"><testcase classname="dependency-check" name="error_prone_annotations-2.41.0.jar"/></testsuite><testsuite failures="0" errors="0" time="0" id="45" name="/home/runner/.gradle/caches/modules-2/files-2.1/com.google.guava/failureaccess/1.0.3/aeaffd00d57023a2c947393ed251f0354f0985fc/failureaccess-1.0.3.jar" package="failureaccess-1.0.3.jar" skipped="0" tests="1" timestamp="2025-10-18T04:24:43.984176379"><testcase classname="dependency-check" name="failureaccess-1.0.3.jar"/></testsuite><testsuite failures="0" errors="0" time="0" id="46" name="/home/runner/.gradle/caches/modules-2/files-2.1/com.google.guava/guava/33.5.0-jre/8699de25f2f979108d6c1b804a7ba38cda1116bc/guava-33.5.0-jre.jar" package="guava-33.5.0-jre.jar" skipped="0" tests="1" timestamp="2025-10-18T04:24:43.984176379"><testcase classname="dependency-check" name="guava-33.5.0-jre.jar"/></testsuite><testsuite failures="0" errors="0" time="0" id="47" name="/home/runner/.gradle/caches/modules-2/files-2.1/org.hamcrest/hamcrest/3.0/8fd9b78a8e6a6510a078a9e30e9e86a6035cfaf7/hamcrest-3.0.jar" package="hamcrest-3.0.jar" skipped="0" tests="1" timestamp="2025-10-18T04:24:43.984176379"><testcase classname="dependency-check" name="hamcrest-3.0.jar"/></testsuite><testsuite failures="0" errors="0" time="0" id="48" name="/home/runner/.gradle/caches/modules-2/files-2.1/org.hamcrest/hamcrest-core/3.0/254f69f4b0ca22198acfc19fcdd5f96140431c3e/hamcrest-core-3.0.jar" package="hamcrest-core-3.0.jar" skipped="0" tests="1" timestamp="2025-10-18T04:24:43.984176379"><testcase classname="dependency-check" name="hamcrest-core-3.0.jar"/></testsuite><testsuite failures="0" errors="0" time="0" id="49" name="/home/runner/.gradle/caches/modules-2/files-2.1/org.hibernate.validator/hibernate-validator/8.0.3.Final/4425f554297a1c5ba03a3f30e559a9fd91048cf8/hibernate-validator-8.0.3.Final.jar" package="hibernate-validator-8.0.3.Final.jar" skipped="0" tests="1" timestamp="2025-10-18T04:24:43.984176379"><testcase classname="dependency-check" name="hibernate-validator-8.0.3.Final.jar"/></testsuite><testsuite failures="0" errors="0" time="0" id="50" name="/home/runner/.gradle/caches/modules-2/files-2.1/org.apache.httpcomponents/httpclient/4.5.13/e5f6cae5ca7ecaac1ec2827a9e2d65ae2869cada/httpclient-4.5.13.jar" package="httpclient-4.5.13.jar" skipped="0" tests="1" timestamp="2025-10-18T04:24:43.984176379"><testcase classname="dependency-check" name="httpclient-4.5.13.jar"/></testsuite><testsuite failures="0" errors="0" time="0" id="51" name="/home/runner/.gradle/caches/modules-2/files-2.1/org.apache.httpcomponents/httpclient/4.5.14/1194890e6f56ec29177673f2f12d0b8e627dec98/httpclient-4.5.14.jar" package="httpclient-4.5.14.jar" skipped="0" tests="1" timestamp="2025-10-18T04:24:43.984176379"><testcase classname="dependency-check" name="httpclient-4.5.14.jar"/></testsuite><testsuite failures="0" errors="0" time="0" id="52" name="/home/runner/.gradle/caches/modules-2/files-2.1/org.apache.httpcomponents.client5/httpclient5/5.5/4b3d253351cf74eb0ae8eb21ca5a5fb9815ef861/httpclient5-5.5.jar" package="httpclient5-5.5.jar" skipped="0" tests="1" timestamp="2025-10-18T04:24:43.984176379"><testcase classname="dependency-check" name="httpclient5-5.5.jar"/></testsuite><testsuite failures="0" errors="0" time="0" id="53" name="/home/runner/.gradle/caches/modules-2/files-2.1/org.apache.httpcomponents/httpcore/4.4.16/51cf043c87253c9f58b539c9f7e44c8894223850/httpcore-4.4.16.jar" package="httpcore-4.4.16.jar" skipped="0" tests="1" timestamp="2025-10-18T04:24:43.984176379"><testcase classname="dependency-check" name="httpcore-4.4.16.jar"/></testsuite><testsuite failures="0" errors="0" time="0" id="54" name="/home/runner/.gradle/caches/modules-2/files-2.1/org.apache.httpcomponents.core5/httpcore5/5.3.4/ea47f0fe6e00ffb07cec3a0cb1bb801b1a9cc353/httpcore5-5.3.4.jar" package="httpcore5-5.3.4.jar" skipped="0" tests="1" timestamp="2025-10-18T04:24:43.984176379"><testcase classname="dependency-check" name="httpcore5-5.3.4.jar"/></testsuite><testsuite failures="0" errors="0" time="0" id="55" name="/home/runner/.gradle/caches/modules-2/files-2.1/org.apache.httpcomponents.core5/httpcore5-h2/5.3.4/3742a9a9ba3a5a0d45be230093b52a1302a561e2/httpcore5-h2-5.3.4.jar" package="httpcore5-h2-5.3.4.jar" skipped="0" tests="1" timestamp="2025-10-18T04:24:43.984176379"><testcase classname="dependency-check" name="httpcore5-h2-5.3.4.jar"/></testsuite><testsuite failures="0" errors="0" time="0" id="56" name="/home/runner/.gradle/caches/modules-2/files-2.1/com.google.j2objc/j2objc-annotations/3.1/a892ca9507839bbdb900d64310ac98256cab992f/j2objc-annotations-3.1.jar" package="j2objc-annotations-3.1.jar" skipped="0" tests="1" timestamp="2025-10-18T04:24:43.984176379"><testcase classname="dependency-check" name="j2objc-annotations-3.1.jar"/></testsuite><testsuite failures="0" errors="0" time="0" id="57" name="/home/runner/.gradle/caches/modules-2/files-2.1/com.fasterxml.jackson.core/jackson-annotations/2.19.2/c5381f11988ae3d424b197a26087d86067b6d7d/jackson-annotations-2.19.2.jar" package="jackson-annotations-2.19.2.jar" skipped="0" tests="1" timestamp="2025-10-18T04:24:43.984176379"><testcase classname="dependency-check" name="jackson-annotations-2.19.2.jar"/></testsuite><testsuite failures="0" errors="0" time="0" id="58" name="/home/runner/.gradle/caches/modules-2/files-2.1/com.fasterxml.jackson.core/jackson-core/2.19.2/50f3b4bd59b9ff51a0ed493e7b5abaf5c39709bf/jackson-core-2.19.2.jar" package="jackson-core-2.19.2.jar" skipped="0" tests="1" timestamp="2025-10-18T04:24:43.984176379"><testcase classname="dependency-check" name="jackson-core-2.19.2.jar"/></testsuite><testsuite failures="0" errors="0" time="0" id="59" name="/home/runner/.gradle/caches/modules-2/files-2.1/com.fasterxml.jackson.core/jackson-databind/2.19.2/46509399d28f57ca32c6bb4b0d4e10e8f062051e/jackson-databind-2.19.2.jar" package="jackson-databind-2.19.2.jar" skipped="0" tests="1" timestamp="2025-10-18T04:24:43.984176379"><testcase classname="dependency-check" name="jackson-databind-2.19.2.jar"/></testsuite><testsuite failures="0" errors="0" time="0" id="60" name="/home/runner/.gradle/caches/modules-2/files-2.1/com.fasterxml.jackson.dataformat/jackson-dataformat-yaml/2.19.2/ba1079940daa609061e46c80b72c5546c4718401/jackson-dataformat-yaml-2.19.2.jar" package="jackson-dataformat-yaml-2.19.2.jar" skipped="0" tests="1" timestamp="2025-10-18T04:24:43.984176379"><testcase classname="dependency-check" name="jackson-dataformat-yaml-2.19.2.jar"/></testsuite><testsuite failures="0" errors="0" time="0" id="61" name="/home/runner/.gradle/caches/modules-2/files-2.1/com.fasterxml.jackson.datatype/jackson-datatype-jdk8/2.19.2/a720d3946c3a1ab04b780f3b3163d62eee6948a0/jackson-datatype-jdk8-2.19.2.jar" package="jackson-datatype-jdk8-2.19.2.jar" skipped="0" tests="1" timestamp="2025-10-18T04:24:43.984176379"><testcase classname="dependency-check" name="jackson-datatype-jdk8-2.19.2.jar"/></testsuite><testsuite failures="0" errors="0" time="0" id="62" name="/home/runner/.gradle/caches/modules-2/files-2.1/com.fasterxml.jackson.datatype/jackson-datatype-jsr310/2.19.2/72e73f048b36d9df82aef146bf8b2ae63b2e28e2/jackson-datatype-jsr310-2.19.2.jar" package="jackson-datatype-jsr310-2.19.2.jar" skipped="0" tests="1" timestamp="2025-10-18T04:24:43.984176379"><testcase classname="dependency-check" name="jackson-datatype-jsr310-2.19.2.jar"/></testsuite><testsuite failures="0" errors="0" time="0" id="63" name="/home/runner/.gradle/caches/modules-2/files-2.1/com.fasterxml.jackson.module/jackson-module-parameter-names/2.19.2/3c4ce467c11364c72ec4967c570fd5a2d1be1d0b/jackson-module-parameter-names-2.19.2.jar" package="jackson-module-parameter-names-2.19.2.jar" skipped="0" tests="1" timestamp="2025-10-18T04:24:43.984176379"><testcase classname="dependency-check" name="jackson-module-parameter-names-2.19.2.jar"/></testsuite><testsuite failures="0" errors="0" time="0" id="64" name="/home/runner/.gradle/caches/modules-2/files-2.1/jakarta.activation/jakarta.activation-api/2.1.3/fa165bd70cda600368eee31555222776a46b881f/jakarta.activation-api-2.1.3.jar" package="jakarta.activation-api-2.1.3.jar" skipped="0" tests="1" timestamp="2025-10-18T04:24:43.984176379"><testcase classname="dependency-check" name="jakarta.activation-api-2.1.3.jar"/></testsuite><testsuite failures="0" errors="0" time="0" id="65" name="/home/runner/.gradle/caches/modules-2/files-2.1/jakarta.annotation/jakarta.annotation-api/2.1.1/48b9bda22b091b1f48b13af03fe36db3be6e1ae3/jakarta.annotation-api-2.1.1.jar" package="jakarta.annotation-api-2.1.1.jar" skipped="0" tests="1" timestamp="2025-10-18T04:24:43.984176379"><testcase classname="dependency-check" name="jakarta.annotation-api-2.1.1.jar"/></testsuite><testsuite failures="0" errors="0" time="0" id="66" name="/home/runner/.gradle/caches/modules-2/files-2.1/jakarta.validation/jakarta.validation-api/3.0.2/92b6631659ba35ca09e44874d3eb936edfeee532/jakarta.validation-api-3.0.2.jar" package="jakarta.validation-api-3.0.2.jar" skipped="0" tests="1" timestamp="2025-10-18T04:24:43.984176379"><testcase classname="dependency-check" name="jakarta.validation-api-3.0.2.jar"/></testsuite><testsuite failures="0" errors="0" time="0" id="67" name="/home/runner/.gradle/caches/modules-2/files-2.1/jakarta.xml.bind/jakarta.xml.bind-api/4.0.2/6cd5a999b834b63238005b7144136379dc36cad2/jakarta.xml.bind-api-4.0.2.jar" package="jakarta.xml.bind-api-4.0.2.jar" skipped="0" tests="1" timestamp="2025-10-18T04:24:43.984176379"><testcase classname="dependency-check" name="jakarta.xml.bind-api-4.0.2.jar"/></testsuite><testsuite failures="0" errors="0" time="0" id="68" name="/home/runner/.gradle/caches/modules-2/files-2.1/org.javassist/javassist/3.28.0-GA/9a958811a88381bb159cc2f5ed79c34a45c4af7a/javassist-3.28.0-GA.jar" package="javassist-3.28.0-GA.jar" skipped="0" tests="1" timestamp="2025-10-18T04:24:43.984176379"><testcase classname="dependency-check" name="javassist-3.28.0-GA.jar"/></testsuite><testsuite failures="0" errors="0" time="0" id="69" name="/home/runner/.gradle/caches/modules-2/files-2.1/org.jboss.logging/jboss-logging/3.6.1.Final/886afbb445b4016a37c8960a7aef6ebd769ce7e5/jboss-logging-3.6.1.Final.jar" package="jboss-logging-3.6.1.Final.jar" skipped="0" tests="1" timestamp="2025-10-18T04:24:43.984176379"><testcase classname="dependency-check" name="jboss-logging-3.6.1.Final.jar"/></testsuite><testsuite failures="0" errors="0" time="0" id="70" name="/home/runner/.gradle/caches/modules-2/files-2.1/org.slf4j/jcl-over-slf4j/2.0.17/76ea503eb688f06556a9ba69995d7eab63e34531/jcl-over-slf4j-2.0.17.jar" package="jcl-over-slf4j-2.0.17.jar" skipped="0" tests="1" timestamp="2025-10-18T04:24:43.984176379"><testcase classname="dependency-check" name="jcl-over-slf4j-2.0.17.jar"/></testsuite><testsuite failures="0" errors="0" time="0" id="71" name="/home/runner/.gradle/caches/modules-2/files-2.1/net.java.dev.jna/jna/5.13.0/1200e7ebeedbe0d10062093f32925a912020e747/jna-5.13.0.jar" package="jna-5.13.0.jar" skipped="0" tests="1" timestamp="2025-10-18T04:24:43.984176379"><testcase classname="dependency-check" name="jna-5.13.0.jar"/></testsuite><testsuite failures="0" errors="0" time="0" id="72" name="/home/runner/.gradle/caches/modules-2/files-2.1/net.java.dev.jna/jna/5.13.0/1200e7ebeedbe0d10062093f32925a912020e747/jna-5.13.0.jar/com/sun/jna/win32-aarch64/jnidispatch.dll" package="jna-5.13.0.jar: jnidispatch.dll" skipped="0" tests="1" timestamp="2025-10-18T04:24:43.984176379"><testcase classname="dependency-check" name="jna-5.13.0.jar: jnidispatch.dll"/></testsuite><testsuite failures="0" errors="0" time="0" id="73" name="/home/runner/.gradle/caches/modules-2/files-2.1/net.java.dev.jna/jna/5.13.0/1200e7ebeedbe0d10062093f32925a912020e747/jna-5.13.0.jar/com/sun/jna/win32-x86-64/jnidispatch.dll" package="jna-5.13.0.jar: jnidispatch.dll" skipped="0" tests="1" timestamp="2025-10-18T04:24:43.984176379"><testcase classname="dependency-check" name="jna-5.13.0.jar: jnidispatch.dll"/></testsuite><testsuite failures="0" errors="0" time="0" id="74" name="/home/runner/.gradle/caches/modules-2/files-2.1/net.java.dev.jna/jna/5.13.0/1200e7ebeedbe0d10062093f32925a912020e747/jna-5.13.0.jar/com/sun/jna/win32-x86/jnidispatch.dll" package="jna-5.13.0.jar: jnidispatch.dll" skipped="0" tests="1" timestamp="2025-10-18T04:24:43.984176379"><testcase classname="dependency-check" name="jna-5.13.0.jar: jnidispatch.dll"/></testsuite><testsuite failures="0" errors="0" time="0" id="75" name="/home/runner/.gradle/caches/modules-2/files-2.1/com.jayway.jsonpath/json-path/2.9.0/37fe2217f577b0b68b18e62c4d17a8858ecf9b69/json-path-2.9.0.jar" package="json-path-2.9.0.jar" skipped="0" tests="1" timestamp="2025-10-18T04:24:43.984176379"><testcase classname="dependency-check" name="json-path-2.9.0.jar"/></testsuite><testsuite failures="0" errors="0" time="0" id="76" name="/home/runner/.gradle/caches/modules-2/files-2.1/net.minidev/json-smart/2.5.2/95d166b18f95907be0f46cdb9e1c0695eed03387/json-smart-2.5.2.jar" package="json-smart-2.5.2.jar" skipped="0" tests="1" timestamp="2025-10-18T04:24:43.984176379"><testcase classname="dependency-check" name="json-smart-2.5.2.jar"/></testsuite><testsuite failures="0" errors="0" time="0" id="77" name="/home/runner/.gradle/caches/modules-2/files-2.1/org.skyscreamer/jsonassert/1.5.3/aaa43e0823d2a0e106e8754d6a9c4ab24e05e9bc/jsonassert-1.5.3.jar" package="jsonassert-1.5.3.jar" skipped="0" tests="1" timestamp="2025-10-18T04:24:43.984176379"><testcase classname="dependency-check" name="jsonassert-1.5.3.jar"/></testsuite><testsuite failures="0" errors="0" time="0" id="78" name="/home/runner/.gradle/caches/modules-2/files-2.1/org.jspecify/jspecify/1.0.0/7425a601c1c7ec76645a78d22b8c6a627edee507/jspecify-1.0.0.jar" package="jspecify-1.0.0.jar" skipped="0" tests="1" timestamp="2025-10-18T04:24:43.984176379"><testcase classname="dependency-check" name="jspecify-1.0.0.jar"/></testsuite><testsuite failures="0" errors="0" time="0" id="79" name="/home/runner/.gradle/caches/modules-2/files-2.1/com.google.code.findbugs/jsr305/3.0.2/25ea2e8b0c338a877313bd4672d3fe056ea78f0d/jsr305-3.0.2.jar" package="jsr305-3.0.2.jar" skipped="0" tests="1" timestamp="2025-10-18T04:24:43.984176379"><testcase classname="dependency-check" name="jsr305-3.0.2.jar"/></testsuite><testsuite failures="0" errors="0" time="0" id="80" name="/home/runner/.gradle/caches/modules-2/files-2.1/org.slf4j/jul-to-slf4j/2.0.17/524cb6ccc2b68a57604750e1ab8b13b5a786a6aa/jul-to-slf4j-2.0.17.jar" package="jul-to-slf4j-2.0.17.jar" skipped="0" tests="1" timestamp="2025-10-18T04:24:43.984176379"><testcase classname="dependency-check" name="jul-to-slf4j-2.0.17.jar"/></testsuite><testsuite failures="0" errors="0" time="0" id="81" name="/home/runner/.gradle/caches/modules-2/files-2.1/junit/junit/4.13.2/8ac9e16d933b6fb43bc7f576336b8f4d7eb5ba12/junit-4.13.2.jar" package="junit-4.13.2.jar" skipped="0" tests="1" timestamp="2025-10-18T04:24:43.984176379"><testcase classname="dependency-check" name="junit-4.13.2.jar"/></testsuite><testsuite failures="0" errors="0" time="0" id="82" name="/home/runner/.gradle/caches/modules-2/files-2.1/org.testcontainers/junit-jupiter/1.21.3/fb8e674b9f01e2e5c62f6d65b7a7d57de9bb7e96/junit-jupiter-1.21.3.jar" package="junit-jupiter-1.21.3.jar" skipped="0" tests="1" timestamp="2025-10-18T04:24:43.984176379"><testcase classname="dependency-check" name="junit-jupiter-1.21.3.jar"/></testsuite><testsuite failures="0" errors="0" time="0" id="83" name="/home/runner/.gradle/caches/modules-2/files-2.1/org.junit.jupiter/junit-jupiter/5.12.2/64d3ec64ae06517bc14b7faaaec7c996b0d05bea/junit-jupiter-5.12.2.jar" package="junit-jupiter-5.12.2.jar" skipped="0" tests="1" timestamp="2025-10-18T04:24:43.984176379"><testcase classname="dependency-check" name="junit-jupiter-5.12.2.jar"/></testsuite><testsuite failures="0" errors="0" time="0" id="84" name="/home/runner/.gradle/caches/modules-2/files-2.1/org.junit.jupiter/junit-jupiter-api/5.12.2/6de3a3256c5d90f4a439edcb6c2e8dc5180907b0/junit-jupiter-api-5.12.2.jar" package="junit-jupiter-api-5.12.2.jar" skipped="0" tests="1" timestamp="2025-10-18T04:24:43.984176379"><testcase classname="dependency-check" name="junit-jupiter-api-5.12.2.jar"/></testsuite><testsuite failures="0" errors="0" time="0" id="85" name="/home/runner/.gradle/caches/modules-2/files-2.1/org.junit.jupiter/junit-jupiter-engine/5.12.2/b8df7575b8cd3a94dbe27b481d1cd52c57864559/junit-jupiter-engine-5.12.2.jar" package="junit-jupiter-engine-5.12.2.jar" skipped="0" tests="1" timestamp="2025-10-18T04:24:43.984176379"><testcase classname="dependency-check" name="junit-jupiter-engine-5.12.2.jar"/></testsuite><testsuite failures="0" errors="0" time="0" id="86" name="/home/runner/.gradle/caches/modules-2/files-2.1/org.junit.jupiter/junit-jupiter-params/5.12.2/ff1434a66d1fb84c2c709cde2e2d56d5c8f4fad3/junit-jupiter-params-5.12.2.jar" package="junit-jupiter-params-5.12.2.jar" skipped="0" tests="1" timestamp="2025-10-18T04:24:43.984176379"><testcase classname="dependency-check" name="junit-jupiter-params-5.12.2.jar"/></testsuite><testsuite failures="0" errors="0" time="0" id="87" name="/home/runner/.gradle/caches/modules-2/files-2.1/org.junit.platform/junit-platform-commons/1.12.2/b89e88a89ee009937374a4c96912e007b34c8e35/junit-platform-commons-1.12.2.jar" package="junit-platform-commons-1.12.2.jar" skipped="0" tests="1" timestamp="2025-10-18T04:24:43.984176379"><testcase classname="dependency-check" name="junit-platform-commons-1.12.2.jar"/></testsuite><testsuite failures="0" errors="0" time="0" id="88" name="/home/runner/.gradle/caches/modules-2/files-2.1/org.junit.platform/junit-platform-engine/1.12.2/8519ece93f91b8115705d36be2c36d49808935cd/junit-platform-engine-1.12.2.jar" package="junit-platform-engine-1.12.2.jar" skipped="0" tests="1" timestamp="2025-10-18T04:24:43.984176379"><testcase classname="dependency-check" name="junit-platform-engine-1.12.2.jar"/></testsuite><testsuite failures="0" errors="0" time="0" id="89" name="/home/runner/.gradle/caches/modules-2/files-2.1/org.junit.platform/junit-platform-launcher/1.12.2/79d49ad13017c67a8bf76e10ba5ac8937d811772/junit-platform-launcher-1.12.2.jar" package="junit-platform-launcher-1.12.2.jar" skipped="0" tests="1" timestamp="2025-10-18T04:24:43.984176379"><testcase classname="dependency-check" name="junit-platform-launcher-1.12.2.jar"/></testsuite><testsuite failures="0" errors="0" time="0" id="90" name="/home/runner/.gradle/caches/modules-2/files-2.1/com.google.guava/listenablefuture/9999.0-empty-to-avoid-conflict-with-guava/b421526c5f297295adef1c886e5246c39d4ac629/listenablefuture-9999.0-empty-to-avoid-conflict-with-guava.jar" package="listenablefuture-9999.0-empty-to-avoid-conflict-with-guava.jar" skipped="0" tests="1" timestamp="2025-10-18T04:24:43.984176379"><testcase classname="dependency-check" name="listenablefuture-9999.0-empty-to-avoid-conflict-with-guava.jar"/></testsuite><testsuite failures="0" errors="0" time="0" id="91" name="/home/runner/.gradle/caches/modules-2/files-2.1/org.apache.logging.log4j/log4j-api/2.24.3/b02c125db8b6d295adf72ae6e71af5d83bce2370/log4j-api-2.24.3.jar" package="log4j-api-2.24.3.jar" skipped="0" tests="1" timestamp="2025-10-18T04:24:43.984176379"><testcase classname="dependency-check" name="log4j-api-2.24.3.jar"/></testsuite><testsuite failures="0" errors="0" time="0" id="92" name="/home/runner/.gradle/caches/modules-2/files-2.1/org.apache.logging.log4j/log4j-to-slf4j/2.24.3/da1143e2a2531ee1c2d90baa98eb50a28a39d5a7/log4j-to-slf4j-2.24.3.jar" package="log4j-to-slf4j-2.24.3.jar" skipped="0" tests="1" timestamp="2025-10-18T04:24:43.984176379"><testcase classname="dependency-check" name="log4j-to-slf4j-2.24.3.jar"/></testsuite><testsuite failures="0" errors="0" time="0" id="93" name="/home/runner/.gradle/caches/modules-2/files-2.1/ch.qos.logback/logback-classic/1.5.19/227519801110b803afd68449f11209bb60703630/logback-classic-1.5.19.jar" package="logback-classic-1.5.19.jar" skipped="0" tests="1" timestamp="2025-10-18T04:24:43.984176379"><testcase classname="dependency-check" name="logback-classic-1.5.19.jar"/></testsuite><testsuite failures="0" errors="0" time="0" id="94" name="/home/runner/.gradle/caches/modules-2/files-2.1/ch.qos.logback/logback-core/1.5.19/8847d9fcb02c62c338ba26e2b28059dd585ea1a9/logback-core-1.5.19.jar" package="logback-core-1.5.19.jar" skipped="0" tests="1" timestamp="2025-10-18T04:24:43.984176379"><testcase classname="dependency-check" name="logback-core-1.5.19.jar"/></testsuite><testsuite failures="0" errors="0" time="0" id="95" name="/home/runner/.gradle/caches/modules-2/files-2.1/io.micrometer/micrometer-commons/1.15.3/3a97060d64a54daa11f14365aebc559fa8820281/micrometer-commons-1.15.3.jar" package="micrometer-commons-1.15.3.jar" skipped="0" tests="1" timestamp="2025-10-18T04:24:43.984176379"><testcase classname="dependency-check" name="micrometer-commons-1.15.3.jar"/></testsuite><testsuite failures="0" errors="0" time="0" id="96" name="/home/runner/.gradle/caches/modules-2/files-2.1/io.micrometer/micrometer-core/1.15.3/7d9458b1138c8f32a0dcc2e4a0dbfc7717542985/micrometer-core-1.15.3.jar" package="micrometer-core-1.15.3.jar" skipped="0" tests="1" timestamp="2025-10-18T04:24:43.984176379"><testcase classname="dependency-check" name="micrometer-core-1.15.3.jar"/></testsuite><testsuite failures="0" errors="0" time="0" id="97" name="/home/runner/.gradle/caches/modules-2/files-2.1/io.micrometer/micrometer-jakarta9/1.15.3/1f6d5a1bab3ac5a674abfce61d1b82554aeb90e4/micrometer-jakarta9-1.15.3.jar" package="micrometer-jakarta9-1.15.3.jar" skipped="0" tests="1" timestamp="2025-10-18T04:24:43.984176379"><testcase classname="dependency-check" name="micrometer-jakarta9-1.15.3.jar"/></testsuite><testsuite failures="0" errors="0" time="0" id="98" name="/home/runner/.gradle/caches/modules-2/files-2.1/io.micrometer/micrometer-observation/1.15.3/e95d07e329f6d3ecb15a6ba1c5d96c25b9df0a97/micrometer-observation-1.15.3.jar" package="micrometer-observation-1.15.3.jar" skipped="0" tests="1" timestamp="2025-10-18T04:24:43.984176379"><testcase classname="dependency-check" name="micrometer-observation-1.15.3.jar"/></testsuite><testsuite failures="0" errors="0" time="0" id="99" name="/home/runner/.gradle/caches/modules-2/files-2.1/org.mockito/mockito-core/5.17.0/f5fe5a2f94eb65f4f83ca0607bfe13ec0d9c6f3b/mockito-core-5.17.0.jar" package="mockito-core-5.17.0.jar" skipped="0" tests="1" timestamp="2025-10-18T04:24:43.984176379"><testcase classname="dependency-check" name="mockito-core-5.17.0.jar"/></testsuite><testsuite failures="0" errors="0" time="0" id="100" name="/home/runner/.gradle/caches/modules-2/files-2.1/org.mockito/mockito-junit-jupiter/5.17.0/4399e19e3fb5b55230027583323e4c883d5da07d/mockito-junit-jupiter-5.17.0.jar" package="mockito-junit-jupiter-5.17.0.jar" skipped="0" tests="1" timestamp="2025-10-18T04:24:43.984176379"><testcase classname="dependency-check" name="mockito-junit-jupiter-5.17.0.jar"/></testsuite><testsuite failures="0" errors="0" time="0" id="101" name="/home/runner/.gradle/caches/modules-2/files-2.1/org.objenesis/objenesis/3.3/1049c09f1de4331e8193e579448d0916d75b7631/objenesis-3.3.jar" package="objenesis-3.3.jar" skipped="0" tests="1" timestamp="2025-10-18T04:24:43.984176379"><testcase classname="dependency-check" name="objenesis-3.3.jar"/></testsuite><testsuite failures="0" errors="0" time="0" id="102" name="/home/runner/.gradle/caches/modules-2/files-2.1/org.opentest4j/opentest4j/1.3.0/152ea56b3a72f655d4fd677fc0ef2596c3dd5e6e/opentest4j-1.3.0.jar" package="opentest4j-1.3.0.jar" skipped="0" tests="1" timestamp="2025-10-18T04:24:43.984176379"><testcase classname="dependency-check" name="opentest4j-1.3.0.jar"/></testsuite><testsuite failures="0" errors="0" time="0" id="103" name="/home/runner/.gradle/caches/modules-2/files-2.1/org.eclipse.jgit/org.eclipse.jgit/7.3.0.202506031305-r/b84f5ed026aae3f7190087887f177efdd9033967/org.eclipse.jgit-7.3.0.202506031305-r.jar" package="org.eclipse.jgit-7.3.0.202506031305-r.jar" skipped="0" tests="1" timestamp="2025-10-18T04:24:43.984176379"><testcase classname="dependency-check" name="org.eclipse.jgit-7.3.0.202506031305-r.jar"/></testsuite><testsuite failures="0" errors="0" time="0" id="104" name="/home/runner/.gradle/caches/modules-2/files-2.1/org.eclipse.jgit/org.eclipse.jgit.http.apache/7.3.0.202506031305-r/73cf995e3d9cd20dd103fb45a74df605e0e41344/org.eclipse.jgit.http.apache-7.3.0.202506031305-r.jar" package="org.eclipse.jgit.http.apache-7.3.0.202506031305-r.jar" skipped="0" tests="1" timestamp="2025-10-18T04:24:43.984176379"><testcase classname="dependency-check" name="org.eclipse.jgit.http.apache-7.3.0.202506031305-r.jar"/></testsuite><testsuite failures="0" errors="0" time="0" id="105" name="/home/runner/.gradle/caches/modules-2/files-2.1/org.eclipse.jgit/org.eclipse.jgit.ssh.apache/7.3.0.202506031305-r/5c2fb5b0c36f2f88590e80299876c4f787347b4b/org.eclipse.jgit.ssh.apache-7.3.0.202506031305-r.jar" package="org.eclipse.jgit.ssh.apache-7.3.0.202506031305-r.jar" skipped="0" tests="1" timestamp="2025-10-18T04:24:43.984176379"><testcase classname="dependency-check" name="org.eclipse.jgit.ssh.apache-7.3.0.202506031305-r.jar"/></testsuite><testsuite failures="0" errors="0" time="0" id="106" name="/home/runner/.gradle/caches/modules-2/files-2.1/org.jacoco/org.jacoco.agent/0.8.13/67f868b464f1e619d81cc398c9f19a91802253e5/org.jacoco.agent-0.8.13.jar" package="org.jacoco.agent-0.8.13.jar" skipped="0" tests="1" timestamp="2025-10-18T04:24:43.984176379"><testcase classname="dependency-check" name="org.jacoco.agent-0.8.13.jar"/></testsuite><testsuite failures="0" errors="0" time="0" id="107" name="/home/runner/.gradle/caches/modules-2/files-2.1/org.jacoco/org.jacoco.agent/0.8.13/67f868b464f1e619d81cc398c9f19a91802253e5/org.jacoco.agent-0.8.13.jar/jacocoagent.jar/META-INF/maven/org.jacoco/org.jacoco.agent.rt/pom.xml" package="org.jacoco.agent-0.8.13.jar: jacocoagent.jar (shaded: org.jacoco:org.jacoco.agent.rt:0.8.13)" skipped="0" tests="1" timestamp="2025-10-18T04:24:43.984176379"><testcase classname="dependency-check" name="org.jacoco.agent-0.8.13.jar: jacocoagent.jar (shaded: org.jacoco:org.jacoco.agent.rt:0.8.13)"/></testsuite><testsuite failures="0" errors="0" time="0" id="108" name="/home/runner/.gradle/caches/modules-2/files-2.1/org.jacoco/org.jacoco.agent/0.8.13/67f868b464f1e619d81cc398c9f19a91802253e5/org.jacoco.agent-0.8.13.jar/jacocoagent.jar" package="org.jacoco.agent-0.8.13.jar: jacocoagent.jar" skipped="0" tests="1" timestamp="2025-10-18T04:24:43.984176379"><testcase classname="dependency-check" name="org.jacoco.agent-0.8.13.jar: jacocoagent.jar"/></testsuite><testsuite failures="0" errors="0" time="0" id="109" name="/home/runner/.gradle/caches/modules-2/files-2.1/org.jacoco/org.jacoco.ant/0.8.13/c797c8d22c6276f7f10dae9fd43c63c320530ab/org.jacoco.ant-0.8.13.jar" package="org.jacoco.ant-0.8.13.jar" skipped="0" tests="1" timestamp="2025-10-18T04:24:43.984176379"><testcase classname="dependency-check" name="org.jacoco.ant-0.8.13.jar"/></testsuite><testsuite failures="0" errors="0" time="0" id="110" name="/home/runner/.gradle/caches/modules-2/files-2.1/org.jacoco/org.jacoco.core/0.8.13/4424d689f0738cd4445e948270e3f2f2d0e5cdb8/org.jacoco.core-0.8.13.jar" package="org.jacoco.core-0.8.13.jar" skipped="0" tests="1" timestamp="2025-10-18T04:24:43.984176379"><testcase classname="dependency-check" name="org.jacoco.core-0.8.13.jar"/></testsuite><testsuite failures="0" errors="0" time="0" id="111" name="/home/runner/.gradle/caches/modules-2/files-2.1/org.jacoco/org.jacoco.report/0.8.13/44d475e169049322b081db376933bad859ec6526/org.jacoco.report-0.8.13.jar" package="org.jacoco.report-0.8.13.jar" skipped="0" tests="1" timestamp="2025-10-18T04:24:43.984176379"><testcase classname="dependency-check" name="org.jacoco.report-0.8.13.jar"/></testsuite><testsuite failures="0" errors="0" time="0" id="112" name="/home/runner/.gradle/caches/modules-2/files-2.1/org.jacoco/org.jacoco.report/0.8.13/44d475e169049322b081db376933bad859ec6526/org.jacoco.report-0.8.13.jar/org/jacoco/report/internal/html/resources/prettify.js" package="org.jacoco.report-0.8.13.jar: prettify.js" skipped="0" tests="1" timestamp="2025-10-18T04:24:43.984176379"><testcase classname="dependency-check" name="org.jacoco.report-0.8.13.jar: prettify.js"/></testsuite><testsuite failures="0" errors="0" time="0" id="113" name="/home/runner/.gradle/caches/modules-2/files-2.1/org.jacoco/org.jacoco.report/0.8.13/44d475e169049322b081db376933bad859ec6526/org.jacoco.report-0.8.13.jar/org/jacoco/report/internal/html/resources/sort.js" package="org.jacoco.report-0.8.13.jar: sort.js" skipped="0" tests="1" timestamp="2025-10-18T04:24:43.984176379"><testcase classname="dependency-check" name="org.jacoco.report-0.8.13.jar: sort.js"/></testsuite><testsuite failures="0" errors="0" time="0" id="114" name="/home/runner/.gradle/caches/modules-2/files-2.1/info.picocli/picocli/4.7.7/82bcae3dc45ddeb08b4954e2f596772a42219715/picocli-4.7.7.jar" package="picocli-4.7.7.jar" skipped="0" tests="1" timestamp="2025-10-18T04:24:43.984176379"><testcase classname="dependency-check" name="picocli-4.7.7.jar"/></testsuite><testsuite failures="0" errors="0" time="0" id="115" name="/home/runner/.gradle/caches/modules-2/files-2.1/org.codehaus.plexus/plexus-classworlds/2.6.0/8587e80fcb38e70b70fae8d5914b6376bfad6259/plexus-classworlds-2.6.0.jar" package="plexus-classworlds-2.6.0.jar" skipped="0" tests="1" timestamp="2025-10-18T04:24:43.984176379"><testcase classname="dependency-check" name="plexus-classworlds-2.6.0.jar"/></testsuite><testsuite failures="0" errors="0" time="0" id="116" name="/home/runner/.gradle/caches/modules-2/files-2.1/org.codehaus.plexus/plexus-component-annotations/2.1.0/2f2147a6cc6a119a1b51a96f31d45c557f6244b9/plexus-component-annotations-2.1.0.jar" package="plexus-component-annotations-2.1.0.jar" skipped="0" tests="1" timestamp="2025-10-18T04:24:43.984176379"><testcase classname="dependency-check" name="plexus-component-annotations-2.1.0.jar"/></testsuite><testsuite failures="0" errors="0" time="0" id="117" name="/home/runner/.gradle/caches/modules-2/files-2.1/org.codehaus.plexus/plexus-container-default/2.1.0/c189df3d30aa7707c36aa2746fae55ebe11d711e/plexus-container-default-2.1.0.jar" package="plexus-container-default-2.1.0.jar" skipped="0" tests="1" timestamp="2025-10-18T04:24:43.984176379"><testcase classname="dependency-check" name="plexus-container-default-2.1.0.jar"/></testsuite><testsuite failures="0" errors="0" time="0" id="118" name="/home/runner/.gradle/caches/modules-2/files-2.1/org.codehaus.plexus/plexus-utils/3.3.0/cf43b5391de623b36fe066a21127baef82c64022/plexus-utils-3.3.0.jar" package="plexus-utils-3.3.0.jar" skipped="0" tests="1" timestamp="2025-10-18T04:24:43.984176379"><testcase classname="dependency-check" name="plexus-utils-3.3.0.jar"/></testsuite><testsuite failures="0" errors="0" time="0" id="119" name="/home/runner/.gradle/caches/modules-2/files-2.1/org.reflections/reflections/0.10.2/b638d7ca0e0fe0146b60a0e7ba232ad852a73b31/reflections-0.10.2.jar" package="reflections-0.10.2.jar" skipped="0" tests="1" timestamp="2025-10-18T04:24:43.984176379"><testcase classname="dependency-check" name="reflections-0.10.2.jar"/></testsuite><testsuite failures="0" errors="0" time="0" id="120" name="/home/runner/.gradle/caches/modules-2/files-2.1/org.slf4j/slf4j-api/2.0.17/d9e58ac9c7779ba3bf8142aff6c830617a7fe60f/slf4j-api-2.0.17.jar" package="slf4j-api-2.0.17.jar" skipped="0" tests="1" timestamp="2025-10-18T04:24:43.984176379"><testcase classname="dependency-check" name="slf4j-api-2.0.17.jar"/></testsuite><testsuite failures="0" errors="0" time="0" id="121" name="/home/runner/.gradle/caches/modules-2/files-2.1/org.yaml/snakeyaml/2.4/e0666b825b796f85521f02360e77f4c92c5a7a07/snakeyaml-2.4.jar" package="snakeyaml-2.4.jar" skipped="0" tests="1" timestamp="2025-10-18T04:24:43.984176379"><testcase classname="dependency-check" name="snakeyaml-2.4.jar"/></testsuite><testsuite failures="0" errors="0" time="0" id="122" name="/home/runner/.gradle/caches/modules-2/files-2.1/org.springframework/spring-aop/6.2.10/2b194c29deaadb71a8a8e5b8b41d9521c29a0d66/spring-aop-6.2.10.jar" package="spring-aop-6.2.10.jar" skipped="0" tests="1" timestamp="2025-10-18T04:24:43.984176379"><testcase classname="dependency-check" name="spring-aop-6.2.10.jar"/></testsuite><testsuite failures="0" errors="0" time="0" id="123" name="/home/runner/.gradle/caches/modules-2/files-2.1/org.springframework/spring-beans/6.2.11/8d92eb837b70094d7316f6a07770eefd360bc53c/spring-beans-6.2.11.jar" package="spring-beans-6.2.11.jar" skipped="0" tests="1" timestamp="2025-10-18T04:24:43.984176379"><testcase classname="dependency-check" name="spring-beans-6.2.11.jar"/></testsuite><testsuite failures="0" errors="0" time="0" id="124" name="/home/runner/.gradle/caches/modules-2/files-2.1/org.springframework.boot/spring-boot/3.5.5/7d50b76ea4905d6c61fea5cb6556bc735c55da1/spring-boot-3.5.5.jar" package="spring-boot-3.5.5.jar" skipped="0" tests="1" timestamp="2025-10-18T04:24:43.984176379"><testcase classname="dependency-check" name="spring-boot-3.5.5.jar"/></testsuite><testsuite failures="0" errors="0" time="0" id="125" name="/home/runner/.gradle/caches/modules-2/files-2.1/org.springframework.boot/spring-boot-actuator/3.5.5/11a70af846b9527a4f26c66368543719bf4d0419/spring-boot-actuator-3.5.5.jar" package="spring-boot-actuator-3.5.5.jar" skipped="0" tests="1" timestamp="2025-10-18T04:24:43.984176379"><testcase classname="dependency-check" name="spring-boot-actuator-3.5.5.jar"/></testsuite><testsuite failures="0" errors="0" time="0" id="126" name="/home/runner/.gradle/caches/modules-2/files-2.1/org.springframework.boot/spring-boot-actuator-autoconfigure/3.5.5/eba0490f64dd1f2bb96b6c484d34df03b388676/spring-boot-actuator-autoconfigure-3.5.5.jar" package="spring-boot-actuator-autoconfigure-3.5.5.jar" skipped="0" tests="1" timestamp="2025-10-18T04:24:43.984176379"><testcase classname="dependency-check" name="spring-boot-actuator-autoconfigure-3.5.5.jar"/></testsuite><testsuite failures="0" errors="0" time="0" id="127" name="/home/runner/.gradle/caches/modules-2/files-2.1/org.springframework.boot/spring-boot-autoconfigure/3.5.5/348f4fb99d61a1ea039a44ec667b61657adb54b2/spring-boot-autoconfigure-3.5.5.jar" package="spring-boot-autoconfigure-3.5.5.jar" skipped="0" tests="1" timestamp="2025-10-18T04:24:43.984176379"><testcase classname="dependency-check" name="spring-boot-autoconfigure-3.5.5.jar"/></testsuite><testsuite failures="0" errors="0" time="0" id="128" name="/home/runner/.gradle/caches/modules-2/files-2.1/org.springframework.boot/spring-boot-devtools/3.5.5/44910edfe0372607eb82abe80eb52699627ec85a/spring-boot-devtools-3.5.5.jar" package="spring-boot-devtools-3.5.5.jar" skipped="0" tests="1" timestamp="2025-10-18T04:24:43.984176379"><testcase classname="dependency-check" name="spring-boot-devtools-3.5.5.jar"/></testsuite><testsuite failures="0" errors="0" time="0" id="129" name="/home/runner/.gradle/caches/modules-2/files-2.1/org.springframework.boot/spring-boot-devtools/3.5.5/44910edfe0372607eb82abe80eb52699627ec85a/spring-boot-devtools-3.5.5.jar/org/springframework/boot/devtools/livereload/livereload.js" package="spring-boot-devtools-3.5.5.jar: livereload.js" skipped="0" tests="1" timestamp="2025-10-18T04:24:43.984176379"><testcase classname="dependency-check" name="spring-boot-devtools-3.5.5.jar: livereload.js"/></testsuite><testsuite failures="0" errors="0" time="0" id="130" name="/home/runner/.gradle/caches/modules-2/files-2.1/org.springframework.boot/spring-boot-starter/3.5.5/f0e27ab73519ebebfc72c9b16ccde342cc9f599d/spring-boot-starter-3.5.5.jar" package="spring-boot-starter-3.5.5.jar" skipped="0" tests="1" timestamp="2025-10-18T04:24:43.984176379"><testcase classname="dependency-check" name="spring-boot-starter-3.5.5.jar"/></testsuite><testsuite failures="0" errors="0" time="0" id="131" name="/home/runner/.gradle/caches/modules-2/files-2.1/org.springframework.boot/spring-boot-starter-actuator/3.5.5/2ed753e9d2a9d812dbcc565c9983c87d7b4fe387/spring-boot-starter-actuator-3.5.5.jar" package="spring-boot-starter-actuator-3.5.5.jar" skipped="0" tests="1" timestamp="2025-10-18T04:24:43.984176379"><testcase classname="dependency-check" name="spring-boot-starter-actuator-3.5.5.jar"/></testsuite><testsuite failures="0" errors="0" time="0" id="132" name="/home/runner/.gradle/caches/modules-2/files-2.1/org.springframework.boot/spring-boot-starter-json/3.5.5/316736898ceac2a806e08e981ea059c78b982383/spring-boot-starter-json-3.5.5.jar" package="spring-boot-starter-json-3.5.5.jar" skipped="0" tests="1" timestamp="2025-10-18T04:24:43.984176379"><testcase classname="dependency-check" name="spring-boot-starter-json-3.5.5.jar"/></testsuite><testsuite failures="0" errors="0" time="0" id="133" name="/home/runner/.gradle/caches/modules-2/files-2.1/org.springframework.boot/spring-boot-starter-logging/3.5.5/981750c503485e442e37b7cac1dc19c5ddfc6d58/spring-boot-starter-logging-3.5.5.jar" package="spring-boot-starter-logging-3.5.5.jar" skipped="0" tests="1" timestamp="2025-10-18T04:24:43.984176379"><testcase classname="dependency-check" name="spring-boot-starter-logging-3.5.5.jar"/></testsuite><testsuite failures="0" errors="0" time="0" id="134" name="/home/runner/.gradle/caches/modules-2/files-2.1/org.springframework.boot/spring-boot-starter-test/3.5.5/8d87701b755f150a9283dc1f3422e96bc69fed3b/spring-boot-starter-test-3.5.5.jar" package="spring-boot-starter-test-3.5.5.jar" skipped="0" tests="1" timestamp="2025-10-18T04:24:43.984176379"><testcase classname="dependency-check" name="spring-boot-starter-test-3.5.5.jar"/></testsuite><testsuite failures="0" errors="0" time="0" id="135" name="/home/runner/.gradle/caches/modules-2/files-2.1/org.springframework.boot/spring-boot-starter-tomcat/3.5.5/c1342d34e6eeee72d98675d413ae2e925ea22852/spring-boot-starter-tomcat-3.5.5.jar" package="spring-boot-starter-tomcat-3.5.5.jar" skipped="0" tests="1" timestamp="2025-10-18T04:24:43.984176379"><testcase classname="dependency-check" name="spring-boot-starter-tomcat-3.5.5.jar"/></testsuite><testsuite failures="0" errors="0" time="0" id="136" name="/home/runner/.gradle/caches/modules-2/files-2.1/org.springframework.boot/spring-boot-starter-validation/3.5.5/5510bd155652ef231976f1ff1ca1bb1d9698829c/spring-boot-starter-validation-3.5.5.jar" package="spring-boot-starter-validation-3.5.5.jar" skipped="0" tests="1" timestamp="2025-10-18T04:24:43.984176379"><testcase classname="dependency-check" name="spring-boot-starter-validation-3.5.5.jar"/></testsuite><testsuite failures="0" errors="0" time="0" id="137" name="/home/runner/.gradle/caches/modules-2/files-2.1/org.springframework.boot/spring-boot-starter-web/3.5.5/b9039cd5aa1feda2cfbd487233e343f66627f78f/spring-boot-starter-web-3.5.5.jar" package="spring-boot-starter-web-3.5.5.jar" skipped="0" tests="1" timestamp="2025-10-18T04:24:43.984176379"><testcase classname="dependency-check" name="spring-boot-starter-web-3.5.5.jar"/></testsuite><testsuite failures="0" errors="0" time="0" id="138" name="/home/runner/.gradle/caches/modules-2/files-2.1/org.springframework.boot/spring-boot-test/3.5.5/8ea9fc3febf3d6f4e8c179c9ec08a94aa93201ab/spring-boot-test-3.5.5.jar" package="spring-boot-test-3.5.5.jar" skipped="0" tests="1" timestamp="2025-10-18T04:24:43.984176379"><testcase classname="dependency-check" name="spring-boot-test-3.5.5.jar"/></testsuite><testsuite failures="0" errors="0" time="0" id="139" name="/home/runner/.gradle/caches/modules-2/files-2.1/org.springframework.boot/spring-boot-test-autoconfigure/3.5.5/f68808c0dbd4660c2f901f7991ffb94601217257/spring-boot-test-autoconfigure-3.5.5.jar" package="spring-boot-test-autoconfigure-3.5.5.jar" skipped="0" tests="1" timestamp="2025-10-18T04:24:43.984176379"><testcase classname="dependency-check" name="spring-boot-test-autoconfigure-3.5.5.jar"/></testsuite><testsuite failures="0" errors="0" time="0" id="140" name="/home/runner/.gradle/caches/modules-2/files-2.1/org.springframework.cloud/spring-cloud-commons/4.3.0/e939caa4370105f53b1213520692615bed7605f3/spring-cloud-commons-4.3.0.jar" package="spring-cloud-commons-4.3.0.jar" skipped="0" tests="1" timestamp="2025-10-18T04:24:43.984176379"><testcase classname="dependency-check" name="spring-cloud-commons-4.3.0.jar"/></testsuite><testsuite failures="0" errors="0" time="0" id="141" name="/home/runner/.gradle/caches/modules-2/files-2.1/org.springframework.cloud/spring-cloud-config-client/4.3.0/1f8d2510f35ed012962d1e65a856233c3535dc1e/spring-cloud-config-client-4.3.0.jar" package="spring-cloud-config-client-4.3.0.jar" skipped="0" tests="1" timestamp="2025-10-18T04:24:43.984176379"><testcase classname="dependency-check" name="spring-cloud-config-client-4.3.0.jar"/></testsuite><testsuite failures="0" errors="0" time="0" id="142" name="/home/runner/.gradle/caches/modules-2/files-2.1/org.springframework.cloud/spring-cloud-config-server/4.3.0/3b1a27d0136fbf7d51f22456bbe3ada1d6eabecd/spring-cloud-config-server-4.3.0.jar" package="spring-cloud-config-server-4.3.0.jar" skipped="0" tests="1" timestamp="2025-10-18T04:24:43.984176379"><testcase classname="dependency-check" name="spring-cloud-config-server-4.3.0.jar"/></testsuite><testsuite failures="0" errors="0" time="0" id="143" name="/home/runner/.gradle/caches/modules-2/files-2.1/org.springframework.cloud/spring-cloud-context/4.3.0/831b237375831042b7838570db74df44bdea5aa6/spring-cloud-context-4.3.0.jar" package="spring-cloud-context-4.3.0.jar" skipped="0" tests="1" timestamp="2025-10-18T04:24:43.984176379"><testcase classname="dependency-check" name="spring-cloud-context-4.3.0.jar"/></testsuite><testsuite failures="0" errors="0" time="0" id="144" name="/home/runner/.gradle/caches/modules-2/files-2.1/org.springframework.cloud/spring-cloud-starter/4.3.0/8e794c3b8438450bf8d7cfbb936bb05344a54397/spring-cloud-starter-4.3.0.jar" package="spring-cloud-starter-4.3.0.jar" skipped="0" tests="1" timestamp="2025-10-18T04:24:43.984176379"><testcase classname="dependency-check" name="spring-cloud-starter-4.3.0.jar"/></testsuite><testsuite failures="0" errors="0" time="0" id="145" name="/home/runner/.gradle/caches/modules-2/files-2.1/org.springframework/spring-context/6.2.11/bbfb4d55385b2b65ecaf04937d209cf467eaba2f/spring-context-6.2.11.jar" package="spring-context-6.2.11.jar" skipped="0" tests="1" timestamp="2025-10-18T04:24:43.984176379"><testcase classname="dependency-check" name="spring-context-6.2.11.jar"/></testsuite><testsuite failures="0" errors="0" time="0" id="146" name="/home/runner/.gradle/caches/modules-2/files-2.1/org.springframework/spring-core/6.2.11/f4860eb6ea92abb8ae6c5e82e2e7efc395cef8d/spring-core-6.2.11.jar" package="spring-core-6.2.11.jar" skipped="0" tests="1" timestamp="2025-10-18T04:24:43.984176379"><testcase classname="dependency-check" name="spring-core-6.2.11.jar"/></testsuite><testsuite failures="0" errors="0" time="0" id="147" name="/home/runner/.gradle/caches/modules-2/files-2.1/org.springframework/spring-expression/6.2.10/16bdfead8a73673e395441c14b1868a128fc87c2/spring-expression-6.2.10.jar" package="spring-expression-6.2.10.jar" skipped="0" tests="1" timestamp="2025-10-18T04:24:43.984176379"><testcase classname="dependency-check" name="spring-expression-6.2.10.jar"/></testsuite><testsuite failures="0" errors="0" time="0" id="148" name="/home/runner/.gradle/caches/modules-2/files-2.1/org.springframework/spring-jcl/6.2.10/9ff7e998fe11d991f6b7fd000a0c6583c9e6ffee/spring-jcl-6.2.10.jar" package="spring-jcl-6.2.10.jar" skipped="0" tests="1" timestamp="2025-10-18T04:24:43.984176379"><testcase classname="dependency-check" name="spring-jcl-6.2.10.jar"/></testsuite><testsuite failures="0" errors="0" time="0" id="149" name="/home/runner/.gradle/caches/modules-2/files-2.1/org.springframework.security/spring-security-crypto/6.5.3/b120779667b42a1a412aa0e4426dfab5287f2d5a/spring-security-crypto-6.5.3.jar" package="spring-security-crypto-6.5.3.jar" skipped="0" tests="1" timestamp="2025-10-18T04:24:43.984176379"><testcase classname="dependency-check" name="spring-security-crypto-6.5.3.jar"/></testsuite><testsuite failures="0" errors="0" time="0" id="150" name="/home/runner/.gradle/caches/modules-2/files-2.1/org.springframework/spring-test/6.2.10/7d5ff84114e0ab4cac29cccee4647ce440368046/spring-test-6.2.10.jar" package="spring-test-6.2.10.jar" skipped="0" tests="1" timestamp="2025-10-18T04:24:43.984176379"><testcase classname="dependency-check" name="spring-test-6.2.10.jar"/></testsuite><testsuite failures="0" errors="0" time="0" id="151" name="/home/runner/.gradle/caches/modules-2/files-2.1/org.springframework/spring-web/6.2.10/38c2f6633a44b385b6263294c38e5a4f217c005c/spring-web-6.2.10.jar" package="spring-web-6.2.10.jar" skipped="0" tests="1" timestamp="2025-10-18T04:24:43.984176379"><testcase classname="dependency-check" name="spring-web-6.2.10.jar"/></testsuite><testsuite failures="0" errors="0" time="0" id="152" name="/home/runner/.gradle/caches/modules-2/files-2.1/org.springframework/spring-webmvc/6.2.10/d3491aedc2636378cd273f6266d49f43a8b3e241/spring-webmvc-6.2.10.jar" package="spring-webmvc-6.2.10.jar" skipped="0" tests="1" timestamp="2025-10-18T04:24:43.984176379"><testcase classname="dependency-check" name="spring-webmvc-6.2.10.jar"/></testsuite><testsuite failures="0" errors="0" time="0" id="153" name="/home/runner/.gradle/caches/modules-2/files-2.1/org.apache.sshd/sshd-osgi/2.15.0/aa76898fe47eab7da0878dd60e6f3be5631e076c/sshd-osgi-2.15.0.jar" package="sshd-osgi-2.15.0.jar" skipped="0" tests="1" timestamp="2025-10-18T04:24:43.984176379"><testcase classname="dependency-check" name="sshd-osgi-2.15.0.jar"/></testsuite><testsuite failures="0" errors="0" time="0" id="154" name="/home/runner/.gradle/caches/modules-2/files-2.1/org.apache.sshd/sshd-sftp/2.15.0/2e226055ed060c64ed76256a9c45de6d0109eef8/sshd-sftp-2.15.0.jar" package="sshd-sftp-2.15.0.jar" skipped="0" tests="1" timestamp="2025-10-18T04:24:43.984176379"><testcase classname="dependency-check" name="sshd-sftp-2.15.0.jar"/></testsuite><testsuite failures="0" errors="0" time="0" id="155" name="/home/runner/.gradle/caches/modules-2/files-2.1/org.testcontainers/testcontainers/1.21.3/aa3e792d2cf4598019933c42f1cfa55bd608ce8b/testcontainers-1.21.3.jar" package="testcontainers-1.21.3.jar" skipped="0" tests="1" timestamp="2025-10-18T04:24:43.984176379"><testcase classname="dependency-check" name="testcontainers-1.21.3.jar"/></testsuite><testsuite failures="0" errors="0" time="0" id="156" name="/home/runner/.gradle/caches/modules-2/files-2.1/org.apache.tomcat.embed/tomcat-embed-core/10.1.44/5e18d00936ca925c9249f1a8e77c0e8adf1d6287/tomcat-embed-core-10.1.44.jar" package="tomcat-embed-core-10.1.44.jar" skipped="0" tests="1" timestamp="2025-10-18T04:24:43.984176379"><testcase classname="dependency-check" name="tomcat-embed-core-10.1.44.jar"/></testsuite><testsuite failures="0" errors="0" time="0" id="157" name="/home/runner/.gradle/caches/modules-2/files-2.1/org.apache.tomcat.embed/tomcat-embed-el/10.1.44/6ee7685651c5eba1f4bef99f9dbb38b89d1a6cb6/tomcat-embed-el-10.1.44.jar" package="tomcat-embed-el-10.1.44.jar" skipped="0" tests="1" timestamp="2025-10-18T04:24:43.984176379"><testcase classname="dependency-check" name="tomcat-embed-el-10.1.44.jar"/></testsuite><testsuite failures="0" errors="0" time="0" id="158" name="/home/runner/.gradle/caches/modules-2/files-2.1/org.apache.tomcat.embed/tomcat-embed-websocket/10.1.44/1966a8224858c4b4480469bfcdcaa3f8faf59cc7/tomcat-embed-websocket-10.1.44.jar" package="tomcat-embed-websocket-10.1.44.jar" skipped="0" tests="1" timestamp="2025-10-18T04:24:43.984176379"><testcase classname="dependency-check" name="tomcat-embed-websocket-10.1.44.jar"/></testsuite><testsuite failures="0" errors="0" time="0" id="159" name="/home/runner/.gradle/caches/modules-2/files-2.1/org.apache.xbean/xbean-reflect/3.7/6072a967ec936b3bb25b421d8eca07dd750219fd/xbean-reflect-3.7.jar" package="xbean-reflect-3.7.jar" skipped="0" tests="1" timestamp="2025-10-18T04:24:43.984176379"><testcase classname="dependency-check" name="xbean-reflect-3.7.jar"/></testsuite><testsuite failures="0" errors="0" time="0" id="160" name="/home/runner/.gradle/caches/modules-2/files-2.1/org.xmlresolver/xmlresolver/5.3.3/e0c9cb7fcad389a50c1fbe3237af8857eca9c2b3/xmlresolver-5.3.3-data.jar" package="xmlresolver-5.3.3-data.jar" skipped="0" tests="1" timestamp="2025-10-18T04:24:43.984176379"><testcase classname="dependency-check" name="xmlresolver-5.3.3-data.jar"/></testsuite><testsuite failures="0" errors="0" time="0" id="161" name="/home/runner/.gradle/caches/modules-2/files-2.1/org.xmlresolver/xmlresolver/5.3.3/1b838b0d69eef8d46c813d88a604e3cb4c6035fe/xmlresolver-5.3.3.jar" package="xmlresolver-5.3.3.jar" skipped="0" tests="1" timestamp="2025-10-18T04:24:43.984176379"><testcase classname="dependency-check" name="xmlresolver-5.3.3.jar"/></testsuite><testsuite failures="0" errors="0" time="0" id="162" name="/home/runner/.gradle/caches/modules-2/files-2.1/org.xmlunit/xmlunit-core/2.10.3/cb07af25c710796e67fb13c439fd717a8f427088/xmlunit-core-2.10.3.jar" package="xmlunit-core-2.10.3.jar" skipped="0" tests="1" timestamp="2025-10-18T04:24:43.984176379"><testcase classname="dependency-check" name="xmlunit-core-2.10.3.jar"/></testsuite></testsuites>